<?xml version="1.0" encoding="UTF-8"?>
<testsuite xmlns:xsi="http://www.w3.org/2001/XMLSchema-instance" xsi:noNamespaceSchemaLocation="https://maven.apache.org/surefire/maven-surefire-plugin/xsd/surefire-test-report.xsd" name="com.tblf.AppTest" time="0.037" tests="1" errors="0" skipped="0" failures="0">
  <properties>
    <property name="awt.toolkit" value="sun.awt.X11.XToolkit"/>
    <property name="file.encoding.pkg" value="sun.io"/>
    <property name="java.specification.version" value="1.8"/>
    <property name="sun.cpu.isalist" value=""/>
    <property name="sun.jnu.encoding" value="UTF-8"/>
    <property name="java.class.path" value="/home/thibaultblf/Documents/git/MDE4RTS/Agent/target/test-classes:/home/thibaultblf/Documents/git/MDE4RTS/Agent/target/classes:/home/thibaultblf/.m2/repository/junit/junit/4.12/junit-4.12.jar:/home/thibaultblf/.m2/repository/org/hamcrest/hamcrest-core/1.3/hamcrest-core-1.3.jar:/home/thibaultblf/.m2/repository/commons-cli/commons-cli/1.4/commons-cli-1.4.jar:/home/thibaultblf/.m2/repository/com/tblf/management/1.0.0-SNAPSHOT/management-1.0.0-SNAPSHOT.jar:/home/thibaultblf/.m2/repository/com/tblf/instrumentation/1.0.0-SNAPSHOT/instrumentation-1.0.0-SNAPSHOT.jar:/home/thibaultblf/.m2/repository/com/tblf/utils/1.0.0-SNAPSHOT/utils-1.0.0-SNAPSHOT.jar:/home/thibaultblf/.m2/repository/org/eclipse/emf/org.eclipse.emf.ecore.xmi/2.12.0/org.eclipse.emf.ecore.xmi-2.12.0.jar:/home/thibaultblf/.m2/repository/org/eclipse/emf/org.eclipse.emf.common/2.12.0/org.eclipse.emf.common-2.12.0.jar:/home/thibaultblf/.m2/repository/org/eclipse/emf/org.eclipse.emf.ecore/2.12.0/org.eclipse.emf.ecore-2.12.0.jar:/home/thibaultblf/.m2/repository/org/eclipse/acceleo/lpg.runtime.java/2.0.17.v201004271640/lpg.runtime.java-2.0.17.v201004271640.jar:/home/thibaultblf/.m2/repository/org/eclipse/mdt/org.eclipse.gmt.modisco.java/1.1.0-SNAPSHOT/org.eclipse.gmt.modisco.java-1.1.0-SNAPSHOT.jar:/home/thibaultblf/.m2/repository/org/eclipse/mdt/org.eclipse.gmt.modisco.omg.kdm/1.0.1-SNAPSHOT/org.eclipse.gmt.modisco.omg.kdm-1.0.1-SNAPSHOT.jar:/home/thibaultblf/.m2/repository/org/eclipse/mdt/org.eclipse.modisco.java.composition/1.0.1-SNAPSHOT/org.eclipse.modisco.java.composition-1.0.1-SNAPSHOT.jar:/home/thibaultblf/.m2/repository/org/eclipse/mdt/org.eclipse.modisco.kdm.source.extension/1.1.0-SNAPSHOT/org.eclipse.modisco.kdm.source.extension-1.1.0-SNAPSHOT.jar:/home/thibaultblf/.m2/repository/org/apache/maven/maven-model/3.5.0/maven-model-3.5.0.jar:/home/thibaultblf/.m2/repository/org/codehaus/plexus/plexus-utils/3.0.24/plexus-utils-3.0.24.jar:/home/thibaultblf/.m2/repository/org/apache/maven/shared/maven-invoker/3.0.0/maven-invoker-3.0.0.jar:/home/thibaultblf/.m2/repository/org/codehaus/plexus/plexus-component-annotations/1.7/plexus-component-annotations-1.7.jar:/home/thibaultblf/.m2/repository/com/tblf/DotCP/1.0.0/DotCP-1.0.0.jar:/home/thibaultblf/.m2/repository/org/ow2/asm/asm-all/5.2/asm-all-5.2.jar:/home/thibaultblf/.m2/repository/fr/inria/gforge/spoon/spoon-core/6.1.0-SNAPSHOT/spoon-core-6.1.0-SNAPSHOT.jar:/home/thibaultblf/.m2/repository/org/eclipse/tycho/org.eclipse.jdt.core/3.13.50.v20171007-0855/org.eclipse.jdt.core-3.13.50.v20171007-0855.jar:/home/thibaultblf/.m2/repository/com/martiansoftware/jsap/2.1/jsap-2.1.jar:/home/thibaultblf/.m2/repository/log4j/log4j/1.2.17/log4j-1.2.17.jar:/home/thibaultblf/.m2/repository/org/apache/commons/commons-lang3/3.5/commons-lang3-3.5.jar:/home/thibaultblf/.m2/repository/com/fasterxml/jackson/core/jackson-databind/2.9.2/jackson-databind-2.9.2.jar:/home/thibaultblf/.m2/repository/com/fasterxml/jackson/core/jackson-annotations/2.9.0/jackson-annotations-2.9.0.jar:/home/thibaultblf/.m2/repository/com/fasterxml/jackson/core/jackson-core/2.9.2/jackson-core-2.9.2.jar:/home/thibaultblf/.m2/repository/net/openhft/chronicle-queue/5.17.3/chronicle-queue-5.17.3.jar:/home/thibaultblf/.m2/repository/net/openhft/chronicle-core/2.17.2/chronicle-core-2.17.2.jar:/home/thibaultblf/.m2/repository/com/intellij/annotations/12.0/annotations-12.0.jar:/home/thibaultblf/.m2/repository/net/openhft/chronicle-bytes/2.17.8/chronicle-bytes-2.17.8.jar:/home/thibaultblf/.m2/repository/net/openhft/chronicle-wire/2.17.7/chronicle-wire-2.17.7.jar:/home/thibaultblf/.m2/repository/net/openhft/chronicle-threads/2.17.1/chronicle-threads-2.17.1.jar:/home/thibaultblf/.m2/repository/net/openhft/affinity/3.1.10/affinity-3.1.10.jar:/home/thibaultblf/.m2/repository/net/java/dev/jna/jna/4.2.1/jna-4.2.1.jar:/home/thibaultblf/.m2/repository/net/java/dev/jna/jna-platform/4.2.1/jna-platform-4.2.1.jar:/home/thibaultblf/.m2/repository/org/fusesource/mqtt-client/mqtt-client/1.12/mqtt-client-1.12.jar:/home/thibaultblf/.m2/repository/org/fusesource/hawtdispatch/hawtdispatch-transport/1.21/hawtdispatch-transport-1.21.jar:/home/thibaultblf/.m2/repository/org/fusesource/hawtdispatch/hawtdispatch/1.21/hawtdispatch-1.21.jar:/home/thibaultblf/.m2/repository/org/fusesource/hawtbuf/hawtbuf/1.10/hawtbuf-1.10.jar:/home/thibaultblf/.m2/repository/com/tblf/runner/1.0.0-SNAPSHOT/runner-1.0.0-SNAPSHOT.jar:/home/thibaultblf/.m2/repository/com/tblf/parsing/1.0.0-SNAPSHOT/parsing-1.0.0-SNAPSHOT.jar:/home/thibaultblf/.m2/repository/com/github/javaparser/javaparser-core/3.4.3/javaparser-core-3.4.3.jar:/home/thibaultblf/.m2/repository/org/eclipse/epsilon/epsilon-core/1.4.0/epsilon-core-1.4.0.jar:/home/thibaultblf/.m2/repository/org/eclipse/epsilon/epsilon-emf/1.4.0/epsilon-emf-1.4.0.jar:/home/thibaultblf/.m2/repository/org/eclipse/xsd/org.eclipse.xsd/2.11.0-v20150806-0404/org.eclipse.xsd-2.11.0-v20150806-0404.jar:/home/thibaultblf/.m2/repository/org/hawk/org.hawk.core/1.2.0-SNAPSHOT/org.hawk.core-1.2.0-SNAPSHOT.jar:/home/thibaultblf/.m2/repository/commons-codec/commons-codec/1.10/commons-codec-1.10.jar:/home/thibaultblf/.m2/repository/com/thoughtworks/xstream/xstream/1.4.8/xstream-1.4.8.jar:/home/thibaultblf/.m2/repository/xmlpull/xmlpull/1.1.3.1/xmlpull-1.1.3.1.jar:/home/thibaultblf/.m2/repository/xpp3/xpp3_min/1.1.4c/xpp3_min-1.1.4c.jar:/home/thibaultblf/.m2/repository/org/hawk/org.hawk.emf/1.2.0-SNAPSHOT/org.hawk.emf-1.2.0-SNAPSHOT.jar:/home/thibaultblf/.m2/repository/org/hawk/org.hawk.neo4j-v2/1.2.0-SNAPSHOT/org.hawk.neo4j-v2-1.2.0-SNAPSHOT.jar:/home/thibaultblf/.m2/repository/org/neo4j/neo4j/2.2.6/neo4j-2.2.6.jar:/home/thibaultblf/.m2/repository/org/neo4j/neo4j-kernel/2.2.6/neo4j-kernel-2.2.6.jar:/home/thibaultblf/.m2/repository/org/neo4j/neo4j-primitive-collections/2.2.6/neo4j-primitive-collections-2.2.6.jar:/home/thibaultblf/.m2/repository/org/neo4j/neo4j-unsafe/2.2.6/neo4j-unsafe-2.2.6.jar:/home/thibaultblf/.m2/repository/org/neo4j/neo4j-io/2.2.6/neo4j-io-2.2.6.jar:/home/thibaultblf/.m2/repository/org/neo4j/neo4j-csv/2.2.6/neo4j-csv-2.2.6.jar:/home/thibaultblf/.m2/repository/org/neo4j/neo4j-lucene-index/2.2.6/neo4j-lucene-index-2.2.6.jar:/home/thibaultblf/.m2/repository/org/apache/lucene/lucene-core/3.6.2/lucene-core-3.6.2.jar:/home/thibaultblf/.m2/repository/org/neo4j/neo4j-graph-algo/2.2.6/neo4j-graph-algo-2.2.6.jar:/home/thibaultblf/.m2/repository/org/neo4j/neo4j-udc/2.2.6/neo4j-udc-2.2.6.jar:/home/thibaultblf/.m2/repository/org/neo4j/neo4j-graph-matching/2.2.6/neo4j-graph-matching-2.2.6.jar:/home/thibaultblf/.m2/repository/org/neo4j/neo4j-cypher/2.2.6/neo4j-cypher-2.2.6.jar:/home/thibaultblf/.m2/repository/org/scala-lang/scala-library/2.10.5/scala-library-2.10.5.jar:/home/thibaultblf/.m2/repository/org/scala-lang/scala-reflect/2.10.5/scala-reflect-2.10.5.jar:/home/thibaultblf/.m2/repository/org/neo4j/neo4j-cypher-compiler-1.9/2.0.4/neo4j-cypher-compiler-1.9-2.0.4.jar:/home/thibaultblf/.m2/repository/org/neo4j/neo4j-cypher-compiler-2.0/2.0.4/neo4j-cypher-compiler-2.0-2.0.4.jar:/home/thibaultblf/.m2/repository/org/neo4j/neo4j-cypher-compiler-2.1/2.1.8/neo4j-cypher-compiler-2.1-2.1.8.jar:/home/thibaultblf/.m2/repository/org/neo4j/neo4j-cypher-compiler-2.2/2.2.6/neo4j-cypher-compiler-2.2-2.2.6.jar:/home/thibaultblf/.m2/repository/org/parboiled/parboiled-scala_2.10/1.1.7/parboiled-scala_2.10-1.1.7.jar:/home/thibaultblf/.m2/repository/org/parboiled/parboiled-core/1.1.7/parboiled-core-1.1.7.jar:/home/thibaultblf/.m2/repository/net/sf/opencsv/opencsv/2.3/opencsv-2.3.jar:/home/thibaultblf/.m2/repository/com/googlecode/concurrentlinkedhashmap/concurrentlinkedhashmap-lru/1.4/concurrentlinkedhashmap-lru-1.4.jar:/home/thibaultblf/.m2/repository/org/neo4j/neo4j-jmx/2.2.6/neo4j-jmx-2.2.6.jar:/home/thibaultblf/.m2/repository/org/neo4j/neo4j-consistency-check/2.2.6/neo4j-consistency-check-2.2.6.jar:/home/thibaultblf/.m2/repository/org/hawk/org.hawk.localfolder/1.2.0-SNAPSHOT/org.hawk.localfolder-1.2.0-SNAPSHOT.jar:/home/thibaultblf/.m2/repository/org/mapdb/mapdb/1.0.9/mapdb-1.0.9.jar:/home/thibaultblf/.m2/repository/org/hawk/org.hawk.emfresource/1.2.0-SNAPSHOT/org.hawk.emfresource-1.2.0-SNAPSHOT.jar:/home/thibaultblf/.m2/repository/org/hawk/org.hawk.graph/1.2.0-SNAPSHOT/org.hawk.graph-1.2.0-SNAPSHOT.jar:/home/thibaultblf/.m2/repository/cglib/cglib-nodep/3.1/cglib-nodep-3.1.jar:/home/thibaultblf/.m2/repository/org/hawk/org.hawk.epsilon/1.2.0-SNAPSHOT/org.hawk.epsilon-1.2.0-SNAPSHOT.jar:/home/thibaultblf/.m2/repository/org/slf4j/slf4j-log4j12/1.7.25/slf4j-log4j12-1.7.25.jar:/home/thibaultblf/.m2/repository/com/google/inject/guice/4.2.0/guice-4.2.0.jar:/home/thibaultblf/.m2/repository/javax/inject/javax.inject/1/javax.inject-1.jar:/home/thibaultblf/.m2/repository/aopalliance/aopalliance/1.0/aopalliance-1.0.jar:/home/thibaultblf/.m2/repository/com/google/guava/guava/23.6-android/guava-23.6-android.jar:/home/thibaultblf/.m2/repository/com/google/code/findbugs/jsr305/1.3.9/jsr305-1.3.9.jar:/home/thibaultblf/.m2/repository/org/checkerframework/checker-compat-qual/2.0.0/checker-compat-qual-2.0.0.jar:/home/thibaultblf/.m2/repository/com/google/errorprone/error_prone_annotations/2.1.3/error_prone_annotations-2.1.3.jar:/home/thibaultblf/.m2/repository/com/google/j2objc/j2objc-annotations/1.1/j2objc-annotations-1.1.jar:/home/thibaultblf/.m2/repository/org/codehaus/mojo/animal-sniffer-annotations/1.14/animal-sniffer-annotations-1.14.jar:/home/thibaultblf/.m2/repository/commons-io/commons-io/2.5/commons-io-2.5.jar:/home/thibaultblf/.m2/repository/org/omg/smm/org.omg.smm/1.1.1/org.omg.smm-1.1.1.jar:/home/thibaultblf/.m2/repository/org/eclipse/jgit/org.eclipse.jgit/5.2.0.201812061821-r/org.eclipse.jgit-5.2.0.201812061821-r.jar:/home/thibaultblf/.m2/repository/com/jcraft/jsch/0.1.54/jsch-0.1.54.jar:/home/thibaultblf/.m2/repository/com/jcraft/jzlib/1.1.1/jzlib-1.1.1.jar:/home/thibaultblf/.m2/repository/com/googlecode/javaewah/JavaEWAH/1.1.6/JavaEWAH-1.1.6.jar:/home/thibaultblf/.m2/repository/org/slf4j/slf4j-api/1.7.2/slf4j-api-1.7.2.jar:"/>
    <property name="java.vm.vendor" value="Oracle Corporation"/>
    <property name="sun.arch.data.model" value="64"/>
    <property name="java.vendor.url" value="http://java.oracle.com/"/>
    <property name="user.timezone" value=""/>
    <property name="java.vm.specification.version" value="1.8"/>
    <property name="os.name" value="Linux"/>
    <property name="user.country" value="US"/>
    <property name="sun.java.launcher" value="SUN_STANDARD"/>
    <property name="sun.boot.library.path" value="/usr/lib/jvm/java-8-oracle/jre/lib/amd64"/>
    <property name="sun.java.command" value="/home/thibaultblf/Documents/git/MDE4RTS/Agent/target/surefire/surefirebooter7066441996599764375.jar /home/thibaultblf/Documents/git/MDE4RTS/Agent/target/surefire 2019-04-03T13-46-28_200-jvmRun1 surefire8388664476411928273tmp surefire_08552877089976595727tmp"/>
    <property name="surefire.test.class.path" value="/home/thibaultblf/Documents/git/MDE4RTS/Agent/target/test-classes:/home/thibaultblf/Documents/git/MDE4RTS/Agent/target/classes:/home/thibaultblf/.m2/repository/junit/junit/4.12/junit-4.12.jar:/home/thibaultblf/.m2/repository/org/hamcrest/hamcrest-core/1.3/hamcrest-core-1.3.jar:/home/thibaultblf/.m2/repository/commons-cli/commons-cli/1.4/commons-cli-1.4.jar:/home/thibaultblf/.m2/repository/com/tblf/management/1.0.0-SNAPSHOT/management-1.0.0-SNAPSHOT.jar:/home/thibaultblf/.m2/repository/com/tblf/instrumentation/1.0.0-SNAPSHOT/instrumentation-1.0.0-SNAPSHOT.jar:/home/thibaultblf/.m2/repository/com/tblf/utils/1.0.0-SNAPSHOT/utils-1.0.0-SNAPSHOT.jar:/home/thibaultblf/.m2/repository/org/eclipse/emf/org.eclipse.emf.ecore.xmi/2.12.0/org.eclipse.emf.ecore.xmi-2.12.0.jar:/home/thibaultblf/.m2/repository/org/eclipse/emf/org.eclipse.emf.common/2.12.0/org.eclipse.emf.common-2.12.0.jar:/home/thibaultblf/.m2/repository/org/eclipse/emf/org.eclipse.emf.ecore/2.12.0/org.eclipse.emf.ecore-2.12.0.jar:/home/thibaultblf/.m2/repository/org/eclipse/acceleo/lpg.runtime.java/2.0.17.v201004271640/lpg.runtime.java-2.0.17.v201004271640.jar:/home/thibaultblf/.m2/repository/org/eclipse/mdt/org.eclipse.gmt.modisco.java/1.1.0-SNAPSHOT/org.eclipse.gmt.modisco.java-1.1.0-SNAPSHOT.jar:/home/thibaultblf/.m2/repository/org/eclipse/mdt/org.eclipse.gmt.modisco.omg.kdm/1.0.1-SNAPSHOT/org.eclipse.gmt.modisco.omg.kdm-1.0.1-SNAPSHOT.jar:/home/thibaultblf/.m2/repository/org/eclipse/mdt/org.eclipse.modisco.java.composition/1.0.1-SNAPSHOT/org.eclipse.modisco.java.composition-1.0.1-SNAPSHOT.jar:/home/thibaultblf/.m2/repository/org/eclipse/mdt/org.eclipse.modisco.kdm.source.extension/1.1.0-SNAPSHOT/org.eclipse.modisco.kdm.source.extension-1.1.0-SNAPSHOT.jar:/home/thibaultblf/.m2/repository/org/apache/maven/maven-model/3.5.0/maven-model-3.5.0.jar:/home/thibaultblf/.m2/repository/org/codehaus/plexus/plexus-utils/3.0.24/plexus-utils-3.0.24.jar:/home/thibaultblf/.m2/repository/org/apache/maven/shared/maven-invoker/3.0.0/maven-invoker-3.0.0.jar:/home/thibaultblf/.m2/repository/org/codehaus/plexus/plexus-component-annotations/1.7/plexus-component-annotations-1.7.jar:/home/thibaultblf/.m2/repository/com/tblf/DotCP/1.0.0/DotCP-1.0.0.jar:/home/thibaultblf/.m2/repository/org/ow2/asm/asm-all/5.2/asm-all-5.2.jar:/home/thibaultblf/.m2/repository/fr/inria/gforge/spoon/spoon-core/6.1.0-SNAPSHOT/spoon-core-6.1.0-SNAPSHOT.jar:/home/thibaultblf/.m2/repository/org/eclipse/tycho/org.eclipse.jdt.core/3.13.50.v20171007-0855/org.eclipse.jdt.core-3.13.50.v20171007-0855.jar:/home/thibaultblf/.m2/repository/com/martiansoftware/jsap/2.1/jsap-2.1.jar:/home/thibaultblf/.m2/repository/log4j/log4j/1.2.17/log4j-1.2.17.jar:/home/thibaultblf/.m2/repository/org/apache/commons/commons-lang3/3.5/commons-lang3-3.5.jar:/home/thibaultblf/.m2/repository/com/fasterxml/jackson/core/jackson-databind/2.9.2/jackson-databind-2.9.2.jar:/home/thibaultblf/.m2/repository/com/fasterxml/jackson/core/jackson-annotations/2.9.0/jackson-annotations-2.9.0.jar:/home/thibaultblf/.m2/repository/com/fasterxml/jackson/core/jackson-core/2.9.2/jackson-core-2.9.2.jar:/home/thibaultblf/.m2/repository/net/openhft/chronicle-queue/5.17.3/chronicle-queue-5.17.3.jar:/home/thibaultblf/.m2/repository/net/openhft/chronicle-core/2.17.2/chronicle-core-2.17.2.jar:/home/thibaultblf/.m2/repository/com/intellij/annotations/12.0/annotations-12.0.jar:/home/thibaultblf/.m2/repository/net/openhft/chronicle-bytes/2.17.8/chronicle-bytes-2.17.8.jar:/home/thibaultblf/.m2/repository/net/openhft/chronicle-wire/2.17.7/chronicle-wire-2.17.7.jar:/home/thibaultblf/.m2/repository/net/openhft/chronicle-threads/2.17.1/chronicle-threads-2.17.1.jar:/home/thibaultblf/.m2/repository/net/openhft/affinity/3.1.10/affinity-3.1.10.jar:/home/thibaultblf/.m2/repository/net/java/dev/jna/jna/4.2.1/jna-4.2.1.jar:/home/thibaultblf/.m2/repository/net/java/dev/jna/jna-platform/4.2.1/jna-platform-4.2.1.jar:/home/thibaultblf/.m2/repository/org/fusesource/mqtt-client/mqtt-client/1.12/mqtt-client-1.12.jar:/home/thibaultblf/.m2/repository/org/fusesource/hawtdispatch/hawtdispatch-transport/1.21/hawtdispatch-transport-1.21.jar:/home/thibaultblf/.m2/repository/org/fusesource/hawtdispatch/hawtdispatch/1.21/hawtdispatch-1.21.jar:/home/thibaultblf/.m2/repository/org/fusesource/hawtbuf/hawtbuf/1.10/hawtbuf-1.10.jar:/home/thibaultblf/.m2/repository/com/tblf/runner/1.0.0-SNAPSHOT/runner-1.0.0-SNAPSHOT.jar:/home/thibaultblf/.m2/repository/com/tblf/parsing/1.0.0-SNAPSHOT/parsing-1.0.0-SNAPSHOT.jar:/home/thibaultblf/.m2/repository/com/github/javaparser/javaparser-core/3.4.3/javaparser-core-3.4.3.jar:/home/thibaultblf/.m2/repository/org/eclipse/epsilon/epsilon-core/1.4.0/epsilon-core-1.4.0.jar:/home/thibaultblf/.m2/repository/org/eclipse/epsilon/epsilon-emf/1.4.0/epsilon-emf-1.4.0.jar:/home/thibaultblf/.m2/repository/org/eclipse/xsd/org.eclipse.xsd/2.11.0-v20150806-0404/org.eclipse.xsd-2.11.0-v20150806-0404.jar:/home/thibaultblf/.m2/repository/org/hawk/org.hawk.core/1.2.0-SNAPSHOT/org.hawk.core-1.2.0-SNAPSHOT.jar:/home/thibaultblf/.m2/repository/commons-codec/commons-codec/1.10/commons-codec-1.10.jar:/home/thibaultblf/.m2/repository/com/thoughtworks/xstream/xstream/1.4.8/xstream-1.4.8.jar:/home/thibaultblf/.m2/repository/xmlpull/xmlpull/1.1.3.1/xmlpull-1.1.3.1.jar:/home/thibaultblf/.m2/repository/xpp3/xpp3_min/1.1.4c/xpp3_min-1.1.4c.jar:/home/thibaultblf/.m2/repository/org/hawk/org.hawk.emf/1.2.0-SNAPSHOT/org.hawk.emf-1.2.0-SNAPSHOT.jar:/home/thibaultblf/.m2/repository/org/hawk/org.hawk.neo4j-v2/1.2.0-SNAPSHOT/org.hawk.neo4j-v2-1.2.0-SNAPSHOT.jar:/home/thibaultblf/.m2/repository/org/neo4j/neo4j/2.2.6/neo4j-2.2.6.jar:/home/thibaultblf/.m2/repository/org/neo4j/neo4j-kernel/2.2.6/neo4j-kernel-2.2.6.jar:/home/thibaultblf/.m2/repository/org/neo4j/neo4j-primitive-collections/2.2.6/neo4j-primitive-collections-2.2.6.jar:/home/thibaultblf/.m2/repository/org/neo4j/neo4j-unsafe/2.2.6/neo4j-unsafe-2.2.6.jar:/home/thibaultblf/.m2/repository/org/neo4j/neo4j-io/2.2.6/neo4j-io-2.2.6.jar:/home/thibaultblf/.m2/repository/org/neo4j/neo4j-csv/2.2.6/neo4j-csv-2.2.6.jar:/home/thibaultblf/.m2/repository/org/neo4j/neo4j-lucene-index/2.2.6/neo4j-lucene-index-2.2.6.jar:/home/thibaultblf/.m2/repository/org/apache/lucene/lucene-core/3.6.2/lucene-core-3.6.2.jar:/home/thibaultblf/.m2/repository/org/neo4j/neo4j-graph-algo/2.2.6/neo4j-graph-algo-2.2.6.jar:/home/thibaultblf/.m2/repository/org/neo4j/neo4j-udc/2.2.6/neo4j-udc-2.2.6.jar:/home/thibaultblf/.m2/repository/org/neo4j/neo4j-graph-matching/2.2.6/neo4j-graph-matching-2.2.6.jar:/home/thibaultblf/.m2/repository/org/neo4j/neo4j-cypher/2.2.6/neo4j-cypher-2.2.6.jar:/home/thibaultblf/.m2/repository/org/scala-lang/scala-library/2.10.5/scala-library-2.10.5.jar:/home/thibaultblf/.m2/repository/org/scala-lang/scala-reflect/2.10.5/scala-reflect-2.10.5.jar:/home/thibaultblf/.m2/repository/org/neo4j/neo4j-cypher-compiler-1.9/2.0.4/neo4j-cypher-compiler-1.9-2.0.4.jar:/home/thibaultblf/.m2/repository/org/neo4j/neo4j-cypher-compiler-2.0/2.0.4/neo4j-cypher-compiler-2.0-2.0.4.jar:/home/thibaultblf/.m2/repository/org/neo4j/neo4j-cypher-compiler-2.1/2.1.8/neo4j-cypher-compiler-2.1-2.1.8.jar:/home/thibaultblf/.m2/repository/org/neo4j/neo4j-cypher-compiler-2.2/2.2.6/neo4j-cypher-compiler-2.2-2.2.6.jar:/home/thibaultblf/.m2/repository/org/parboiled/parboiled-scala_2.10/1.1.7/parboiled-scala_2.10-1.1.7.jar:/home/thibaultblf/.m2/repository/org/parboiled/parboiled-core/1.1.7/parboiled-core-1.1.7.jar:/home/thibaultblf/.m2/repository/net/sf/opencsv/opencsv/2.3/opencsv-2.3.jar:/home/thibaultblf/.m2/repository/com/googlecode/concurrentlinkedhashmap/concurrentlinkedhashmap-lru/1.4/concurrentlinkedhashmap-lru-1.4.jar:/home/thibaultblf/.m2/repository/org/neo4j/neo4j-jmx/2.2.6/neo4j-jmx-2.2.6.jar:/home/thibaultblf/.m2/repository/org/neo4j/neo4j-consistency-check/2.2.6/neo4j-consistency-check-2.2.6.jar:/home/thibaultblf/.m2/repository/org/hawk/org.hawk.localfolder/1.2.0-SNAPSHOT/org.hawk.localfolder-1.2.0-SNAPSHOT.jar:/home/thibaultblf/.m2/repository/org/mapdb/mapdb/1.0.9/mapdb-1.0.9.jar:/home/thibaultblf/.m2/repository/org/hawk/org.hawk.emfresource/1.2.0-SNAPSHOT/org.hawk.emfresource-1.2.0-SNAPSHOT.jar:/home/thibaultblf/.m2/repository/org/hawk/org.hawk.graph/1.2.0-SNAPSHOT/org.hawk.graph-1.2.0-SNAPSHOT.jar:/home/thibaultblf/.m2/repository/cglib/cglib-nodep/3.1/cglib-nodep-3.1.jar:/home/thibaultblf/.m2/repository/org/hawk/org.hawk.epsilon/1.2.0-SNAPSHOT/org.hawk.epsilon-1.2.0-SNAPSHOT.jar:/home/thibaultblf/.m2/repository/org/slf4j/slf4j-log4j12/1.7.25/slf4j-log4j12-1.7.25.jar:/home/thibaultblf/.m2/repository/com/google/inject/guice/4.2.0/guice-4.2.0.jar:/home/thibaultblf/.m2/repository/javax/inject/javax.inject/1/javax.inject-1.jar:/home/thibaultblf/.m2/repository/aopalliance/aopalliance/1.0/aopalliance-1.0.jar:/home/thibaultblf/.m2/repository/com/google/guava/guava/23.6-android/guava-23.6-android.jar:/home/thibaultblf/.m2/repository/com/google/code/findbugs/jsr305/1.3.9/jsr305-1.3.9.jar:/home/thibaultblf/.m2/repository/org/checkerframework/checker-compat-qual/2.0.0/checker-compat-qual-2.0.0.jar:/home/thibaultblf/.m2/repository/com/google/errorprone/error_prone_annotations/2.1.3/error_prone_annotations-2.1.3.jar:/home/thibaultblf/.m2/repository/com/google/j2objc/j2objc-annotations/1.1/j2objc-annotations-1.1.jar:/home/thibaultblf/.m2/repository/org/codehaus/mojo/animal-sniffer-annotations/1.14/animal-sniffer-annotations-1.14.jar:/home/thibaultblf/.m2/repository/commons-io/commons-io/2.5/commons-io-2.5.jar:/home/thibaultblf/.m2/repository/org/omg/smm/org.omg.smm/1.1.1/org.omg.smm-1.1.1.jar:/home/thibaultblf/.m2/repository/org/eclipse/jgit/org.eclipse.jgit/5.2.0.201812061821-r/org.eclipse.jgit-5.2.0.201812061821-r.jar:/home/thibaultblf/.m2/repository/com/jcraft/jsch/0.1.54/jsch-0.1.54.jar:/home/thibaultblf/.m2/repository/com/jcraft/jzlib/1.1.1/jzlib-1.1.1.jar:/home/thibaultblf/.m2/repository/com/googlecode/javaewah/JavaEWAH/1.1.6/JavaEWAH-1.1.6.jar:/home/thibaultblf/.m2/repository/org/slf4j/slf4j-api/1.7.2/slf4j-api-1.7.2.jar:"/>
    <property name="sun.cpu.endian" value="little"/>
    <property name="user.home" value="/home/thibaultblf"/>
    <property name="user.language" value="en"/>
    <property name="java.specification.vendor" value="Oracle Corporation"/>
    <property name="java.home" value="/usr/lib/jvm/java-8-oracle/jre"/>
    <property name="basedir" value="/home/thibaultblf/Documents/git/MDE4RTS/Agent"/>
    <property name="file.separator" value="/"/>
    <property name="line.separator" value="&#10;"/>
    <property name="java.vm.specification.vendor" value="Oracle Corporation"/>
    <property name="java.specification.name" value="Java Platform API Specification"/>
    <property name="java.awt.graphicsenv" value="sun.awt.X11GraphicsEnvironment"/>
    <property name="surefire.real.class.path" value="/home/thibaultblf/Documents/git/MDE4RTS/Agent/target/surefire/surefirebooter7066441996599764375.jar"/>
    <property name="sun.boot.class.path" value="/usr/lib/jvm/java-8-oracle/jre/lib/resources.jar:/usr/lib/jvm/java-8-oracle/jre/lib/rt.jar:/usr/lib/jvm/java-8-oracle/jre/lib/sunrsasign.jar:/usr/lib/jvm/java-8-oracle/jre/lib/jsse.jar:/usr/lib/jvm/java-8-oracle/jre/lib/jce.jar:/usr/lib/jvm/java-8-oracle/jre/lib/charsets.jar:/usr/lib/jvm/java-8-oracle/jre/lib/jfr.jar:/usr/lib/jvm/java-8-oracle/jre/classes"/>
    <property name="sun.management.compiler" value="HotSpot 64-Bit Tiered Compilers"/>
    <property name="java.runtime.version" value="1.8.0_181-b13"/>
    <property name="user.name" value="thibaultblf"/>
    <property name="path.separator" value=":"/>
    <property name="os.version" value="4.15.0-46-generic"/>
    <property name="java.endorsed.dirs" value="/usr/lib/jvm/java-8-oracle/jre/lib/endorsed"/>
    <property name="java.runtime.name" value="Java(TM) SE Runtime Environment"/>
    <property name="file.encoding" value="UTF-8"/>
    <property name="java.vm.name" value="Java HotSpot(TM) 64-Bit Server VM"/>
    <property name="localRepository" value="/home/thibaultblf/.m2/repository"/>
    <property name="java.vendor.url.bug" value="http://bugreport.sun.com/bugreport/"/>
    <property name="java.io.tmpdir" value="/tmp"/>
    <property name="java.version" value="1.8.0_181"/>
    <property name="user.dir" value="/home/thibaultblf/Documents/git/MDE4RTS/Agent"/>
    <property name="os.arch" value="amd64"/>
    <property name="java.vm.specification.name" value="Java Virtual Machine Specification"/>
    <property name="java.awt.printerjob" value="sun.print.PSPrinterJob"/>
    <property name="sun.os.patch.level" value="unknown"/>
    <property name="java.library.path" value="/home/thibaultblf/Documents/apps/idea-IU-172.4343.14/bin::/usr/java/packages/lib/amd64:/usr/lib64:/lib64:/lib:/usr/lib"/>
    <property name="java.vm.info" value="mixed mode"/>
    <property name="java.vendor" value="Oracle Corporation"/>
    <property name="java.vm.version" value="25.181-b13"/>
    <property name="java.ext.dirs" value="/usr/lib/jvm/java-8-oracle/jre/lib/ext:/usr/java/packages/lib/ext"/>
    <property name="sun.io.unicode.encoding" value="UnicodeLittle"/>
    <property name="java.class.version" value="52.0"/>
  </properties>
  <testcase name="shouldAnswerWithTrue" classname="com.tblf.AppTest" time="0.001"/>
</testsuite>